<?xml version="1.0" encoding="UTF-8"?>
<!-- Generated by org.testng.reporters.JUnitReportReporter -->
<testsuite skipped="0" hostname="abraham-PC" name="gitTest.GitTest1" tests="1" failures="0" timestamp="03 Aug 2019 10:03:24 GMT" time="52.070" errors="0">
  <testcase name="loginTest" time="52.070" classname="gitTest.GitTest1"/>
</testsuite> <!-- gitTest.GitTest1 -->
